<?xml version="1.0" encoding="UTF-8"?>
<!-- Generated by org.testng.reporters.JUnitReportReporter -->
<testsuite hostname="SIDMUKHE-IN" failures="0" tests="1" name="com.sidmukhe.arrays.SortnReverseArray" time="0.002" errors="0" timestamp="17 Aug 2019 18:10:10 GMT">
  <testcase classname="com.sidmukhe.arrays.SortnReverseArray" name="test" time="0.002"/>
</testsuite> <!-- com.sidmukhe.arrays.SortnReverseArray -->
