<?xml version="1.0" encoding="UTF-8"?>
<!-- Generated by org.testng.reporters.JUnitReportReporter -->
<testsuite hostname="SIDMUKHE-IN" failures="0" tests="8" name="com.sidmukhe.testngtest.SetOne" time="0.011" errors="0" timestamp="17 Aug 2019 16:15:09 GMT">
  <testcase classname="com.sidmukhe.testngtest.SetOne" name="editProfile" time="0.000"/>
  <testcase classname="com.sidmukhe.testngtest.SetOne" name="sanitylogin" time="0.001"/>
  <testcase classname="com.sidmukhe.testngtest.SetOne" name="sanitylogout" time="0.000"/>
  <testcase classname="com.sidmukhe.testngtest.SetOne" name="createProfile" time="0.009"/>
  <testcase classname="com.sidmukhe.testngtest.SetOne" name="deleteProfile" time="0.001"/>
  <testcase classname="com.sidmukhe.testngtest.SetOne" name="createProfile" time="0.000"/>
  <testcase classname="com.sidmukhe.testngtest.SetOne" name="sanitylogin" time="0.000"/>
  <testcase classname="com.sidmukhe.testngtest.SetOne" name="sanitylogout" time="0.000"/>
</testsuite> <!-- com.sidmukhe.testngtest.SetOne -->
