<?xml version="1.0" encoding="UTF-8"?>
<!-- Generated by org.testng.reporters.JUnitReportReporter -->
<testsuite hostname="SIDMUKHE-IN" failures="0" tests="1" name="com.sidmukhe.testngtest.SetThree" time="0.000" errors="0" timestamp="17 Aug 2019 18:10:10 GMT">
  <testcase classname="com.sidmukhe.testngtest.SetThree" name="fact" time="0.000"/>
</testsuite> <!-- com.sidmukhe.testngtest.SetThree -->
