<?xml version="1.0" encoding="UTF-8"?>
<!-- Generated by org.testng.reporters.JUnitReportReporter -->
<testsuite hostname="SIDMUKHE-IN" failures="0" tests="2" name="com.sidmukhe.arrays.JaggedArray" time="0.001" errors="0" timestamp="17 Aug 2019 18:10:10 GMT">
  <testcase classname="com.sidmukhe.arrays.JaggedArray" name="test" time="0.001"/>
  <testcase classname="com.sidmukhe.arrays.JaggedArray" name="jaggedArray" time="0.000"/>
</testsuite> <!-- com.sidmukhe.arrays.JaggedArray -->
