<?xml version="1.0" encoding="UTF-8"?>
<!-- Generated by org.testng.reporters.JUnitReportReporter -->
<testsuite hostname="SIDMUKHE-IN" failures="0" tests="1" name="com.sidmukhe.arrays.LargestNumberfromArray" time="0.001" errors="0" timestamp="17 Aug 2019 18:15:32 GMT">
  <testcase classname="com.sidmukhe.arrays.LargestNumberfromArray" name="test" time="0.001"/>
</testsuite> <!-- com.sidmukhe.arrays.LargestNumberfromArray -->
